# JRE version: Java(TM) SE Runtime Environment (8.0_121-b13) (build 1.8.0_121-b13)
# Java VM: Java HotSpot(TM) 64-Bit Server VM (25.121-b13 mixed mode windows-amd64 compressed oops)
Heap:
 PSYoungGen      total 66560K, used 31307K [0x00000000d8380000, 0x00000000e0d80000, 0x0000000100000000)
  eden space 61440K, 50% used [0x00000000d8380000,0x00000000da212e70,0x00000000dbf80000)
  from space 5120K, 0% used [0x00000000dbf80000,0x00000000dbf80000,0x00000000dc480000)
  to   space 9216K, 0% used [0x00000000e0480000,0x00000000e0480000,0x00000000e0d80000)
 ParOldGen       total 57856K, used 8851K [0x0000000088a00000, 0x000000008c280000, 0x00000000d8380000)
  object space 57856K, 15% used [0x0000000088a00000,0x00000000892a4ff8,0x000000008c280000)
 Metaspace       used 24532K, capacity 24860K, committed 25088K, reserved 1071104K
  class space    used 3221K, capacity 3302K, committed 3328K, reserved 1048576K
GC Heap History (10 events):
Event: 4.263 GC heap before
{Heap before GC invocations=2 (full 0):
 PSYoungGen      total 35840K, used 35430K [0x00000000d8380000, 0x00000000dab80000, 0x0000000100000000)
  eden space 30720K, 100% used [0x00000000d8380000,0x00000000da180000,0x00000000da180000)
  from space 5120K, 92% used [0x00000000da180000,0x00000000da6199e8,0x00000000da680000)
  to   space 5120K, 0% used [0x00000000da680000,0x00000000da680000,0x00000000dab80000)
 ParOldGen       total 81920K, used 8K [0x0000000088a00000, 0x000000008da00000, 0x00000000d8380000)
  object space 81920K, 0% used [0x0000000088a00000,0x0000000088a02000,0x000000008da00000)
 Metaspace       used 15044K, capacity 15402K, committed 15616K, reserved 1062912K
  class space    used 1906K, capacity 2003K, committed 2048K, reserved 1048576K
Event: 4.280 GC heap after
Heap after GC invocations=2 (full 0):
 PSYoungGen      total 35840K, used 5109K [0x00000000d8380000, 0x00000000dab80000, 0x0000000100000000)
  eden space 30720K, 0% used [0x00000000d8380000,0x00000000d8380000,0x00000000da180000)
  from space 5120K, 99% used [0x00000000da680000,0x00000000dab7d7d0,0x00000000dab80000)
  to   space 5120K, 0% used [0x00000000da180000,0x00000000da180000,0x00000000da680000)
 ParOldGen       total 81920K, used 1351K [0x0000000088a00000, 0x000000008da00000, 0x00000000d8380000)
  object space 81920K, 1% used [0x0000000088a00000,0x0000000088b51c48,0x000000008da00000)
 Metaspace       used 15044K, capacity 15402K, committed 15616K, reserved 1062912K
  class space    used 1906K, capacity 2003K, committed 2048K, reserved 1048576K
}
Event: 5.263 GC heap before
{Heap before GC invocations=3 (full 0):
 PSYoungGen      total 35840K, used 35829K [0x00000000d8380000, 0x00000000dab80000, 0x0000000100000000)
  eden space 30720K, 100% used [0x00000000d8380000,0x00000000da180000,0x00000000da180000)
  from space 5120K, 99% used [0x00000000da680000,0x00000000dab7d7d0,0x00000000dab80000)
  to   space 5120K, 0% used [0x00000000da180000,0x00000000da180000,0x00000000da680000)
 ParOldGen       total 81920K, used 1351K [0x0000000088a00000, 0x000000008da00000, 0x00000000d8380000)
  object space 81920K, 1% used [0x0000000088a00000,0x0000000088b51c48,0x000000008da00000)
 Metaspace       used 16021K, capacity 16366K, committed 16512K, reserved 1062912K
  class space    used 2020K, capacity 2105K, committed 2176K, reserved 1048576K
Event: 5.291 GC heap after
Heap after GC invocations=3 (full 0):
 PSYoungGen      total 35840K, used 5111K [0x00000000d8380000, 0x00000000dc980000, 0x0000000100000000)
  eden space 30720K, 0% used [0x00000000d8380000,0x00000000d8380000,0x00000000da180000)
  from space 5120K, 99% used [0x00000000da180000,0x00000000da67ddb8,0x00000000da680000)
  to   space 5120K, 0% used [0x00000000dc480000,0x00000000dc480000,0x00000000dc980000)
 ParOldGen       total 81920K, used 2094K [0x0000000088a00000, 0x000000008da00000, 0x00000000d8380000)
  object space 81920K, 2% used [0x0000000088a00000,0x0000000088c0ba70,0x000000008da00000)
 Metaspace       used 16021K, capacity 16366K, committed 16512K, reserved 1062912K
  class space    used 2020K, capacity 2105K, committed 2176K, reserved 1048576K
}
Event: 6.494 GC heap before
{Heap before GC invocations=4 (full 0):
 PSYoungGen      total 35840K, used 35831K [0x00000000d8380000, 0x00000000dc980000, 0x0000000100000000)
  eden space 30720K, 100% used [0x00000000d8380000,0x00000000da180000,0x00000000da180000)
  from space 5120K, 99% used [0x00000000da180000,0x00000000da67ddb8,0x00000000da680000)
  to   space 5120K, 0% used [0x00000000dc480000,0x00000000dc480000,0x00000000dc980000)
 ParOldGen       total 81920K, used 2094K [0x0000000088a00000, 0x000000008da00000, 0x00000000d8380000)
  object space 81920K, 2% used [0x0000000088a00000,0x0000000088c0ba70,0x000000008da00000)
 Metaspace       used 18106K, capacity 18432K, committed 18560K, reserved 1064960K
  class space    used 2313K, capacity 2428K, committed 2432K, reserved 1048576K
Event: 6.512 GC heap after
Heap after GC invocations=4 (full 0):
 PSYoungGen      total 66560K, used 5120K [0x00000000d8380000, 0x00000000dc980000, 0x0000000100000000)
  eden space 61440K, 0% used [0x00000000d8380000,0x00000000d8380000,0x00000000dbf80000)
  from space 5120K, 100% used [0x00000000dc480000,0x00000000dc980000,0x00000000dc980000)
  to   space 5120K, 0% used [0x00000000dbf80000,0x00000000dbf80000,0x00000000dc480000)
 ParOldGen       total 81920K, used 4434K [0x0000000088a00000, 0x000000008da00000, 0x00000000d8380000)
  object space 81920K, 5% used [0x0000000088a00000,0x0000000088e54bf0,0x000000008da00000)
 Metaspace       used 18106K, capacity 18432K, committed 18560K, reserved 1064960K
  class space    used 2313K, capacity 2428K, committed 2432K, reserved 1048576K
}
Event: 7.315 GC heap before
{Heap before GC invocations=5 (full 0):
 PSYoungGen      total 66560K, used 58491K [0x00000000d8380000, 0x00000000dc980000, 0x0000000100000000)
  eden space 61440K, 86% used [0x00000000d8380000,0x00000000db79ecc8,0x00000000dbf80000)
  from space 5120K, 100% used [0x00000000dc480000,0x00000000dc980000,0x00000000dc980000)
  to   space 5120K, 0% used [0x00000000dbf80000,0x00000000dbf80000,0x00000000dc480000)
 ParOldGen       total 81920K, used 4434K [0x0000000088a00000, 0x000000008da00000, 0x00000000d8380000)
  object space 81920K, 5% used [0x0000000088a00000,0x0000000088e54bf0,0x000000008da00000)
 Metaspace       used 20687K, capacity 21036K, committed 21248K, reserved 1067008K
  class space    used 2605K, capacity 2718K, committed 2816K, reserved 1048576K
Event: 7.336 GC heap after
Heap after GC invocations=5 (full 0):
 PSYoungGen      total 66560K, used 5098K [0x00000000d8380000, 0x00000000e0d80000, 0x0000000100000000)
  eden space 61440K, 0% used [0x00000000d8380000,0x00000000d8380000,0x00000000dbf80000)
  from space 5120K, 99% used [0x00000000dbf80000,0x00000000dc47a968,0x00000000dc480000)
  to   space 9216K, 0% used [0x00000000e0480000,0x00000000e0480000,0x00000000e0d80000)
 ParOldGen       total 81920K, used 7675K [0x0000000088a00000, 0x000000008da00000, 0x00000000d8380000)
  object space 81920K, 9% used [0x0000000088a00000,0x000000008917efc8,0x000000008da00000)
 Metaspace       used 20687K, capacity 21036K, committed 21248K, reserved 1067008K
  class space    used 2605K, capacity 2718K, committed 2816K, reserved 1048576K
}
Event: 7.336 GC heap before
{Heap before GC invocations=6 (full 1):
 PSYoungGen      total 66560K, used 5098K [0x00000000d8380000, 0x00000000e0d80000, 0x0000000100000000)
  eden space 61440K, 0% used [0x00000000d8380000,0x00000000d8380000,0x00000000dbf80000)
  from space 5120K, 99% used [0x00000000dbf80000,0x00000000dc47a968,0x00000000dc480000)
  to   space 9216K, 0% used [0x00000000e0480000,0x00000000e0480000,0x00000000e0d80000)
 ParOldGen       total 81920K, used 7675K [0x0000000088a00000, 0x000000008da00000, 0x00000000d8380000)
  object space 81920K, 9% used [0x0000000088a00000,0x000000008917efc8,0x000000008da00000)
 Metaspace       used 20687K, capacity 21036K, committed 21248K, reserved 1067008K
  class space    used 2605K, capacity 2718K, committed 2816K, reserved 1048576K
Event: 7.441 GC heap after
Heap after GC invocations=6 (full 1):
 PSYoungGen      total 66560K, used 0K [0x00000000d8380000, 0x00000000e0d80000, 0x0000000100000000)
  eden space 61440K, 0% used [0x00000000d8380000,0x00000000d8380000,0x00000000dbf80000)
  from space 5120K, 0% used [0x00000000dbf80000,0x00000000dbf80000,0x00000000dc480000)
  to   space 9216K, 0% used [0x00000000e0480000,0x00000000e0480000,0x00000000e0d80000)
 ParOldGen       total 57856K, used 8851K [0x0000000088a00000, 0x000000008c280000, 0x00000000d8380000)
  object space 57856K, 15% used [0x0000000088a00000,0x00000000892a4ff8,0x000000008c280000)
 Metaspace       used 20687K, capacity 21036K, committed 21248K, reserved 1067008K
  class space    used 2605K, capacity 2718K, committed 2816K, reserved 1048576K
}

